<?xml version="1.0" encoding="UTF-8"?>
<!-- Generated by org.testng.reporters.JUnitXMLReporter -->
<testsuite ignored="0" hostname="NanduNikki" failures="0" tests="2" name="Test2" time="0.16" errors="0" timestamp="2024-03-20T14:07:45 IST">
  <testcase classname="selenium_Grid.SwiggyTest" name="swiggyTest" time="0.0">
    <skipped/>
  </testcase> <!-- swiggyTest -->
  <testcase classname="selenium_Grid.ZomatoTest" name="zomatoTest" time="0.008">
    <skipped/>
  </testcase> <!-- zomatoTest -->
</testsuite> <!-- Test2 -->
