<?xml version="1.0" encoding="UTF-8"?>
<testng-results ignored="0" total="1" passed="1" failed="0" skipped="0">
  <reporter-output>
  </reporter-output>
  <suite started-at="2024-04-01T13:43:43 IST" name="Default suite" finished-at="2024-04-01T13:44:01 IST" duration-ms="18883">
    <groups>
    </groups>
    <test started-at="2024-04-01T13:43:43 IST" name="Default test" finished-at="2024-04-01T13:44:01 IST" duration-ms="18883">
      <class name="testScripts.CreateNewEvent_Datepicker">
        <test-method signature="createEventTest()[pri:0, instance:testScripts.CreateNewEvent_Datepicker@6adbc9d]" started-at="2024-04-01T13:43:43 IST" name="createEventTest" finished-at="2024-04-01T13:44:01 IST" duration-ms="18844" status="PASS">
          <reporter-output>
          </reporter-output>
        </test-method> <!-- createEventTest -->
      </class> <!-- testScripts.CreateNewEvent_Datepicker -->
    </test> <!-- Default test -->
  </suite> <!-- Default suite -->
</testng-results>
